2026-06-18 00:05:15 - api_server - INFO - 启动「暴汗艺术家」健康决策 API 服务…
2026-06-18 00:05:40 - api_server - INFO - 启动「暴汗艺术家」健康决策 API 服务…
2026-06-18 00:06:50 - api_server - INFO - 启动「暴汗艺术家」健康决策 API 服务…
2026-06-18 00:07:44 - api_server - INFO - 启动「暴汗艺术家」健康决策 API 服务…
2026-06-18 00:07:48 - api_server - INFO - 启动「暴汗艺术家」健康决策 API 服务…
2026-06-18 00:08:03 - api_server - INFO - 启动「暴汗艺术家」健康决策 API 服务…
2026-06-18 00:08:36 - api_server - INFO - 启动「暴汗艺术家」健康决策 API 服务…
2026-06-18 00:09:19 - api_server - INFO - [/api/report-image] 生成请求 kpi_keys=['health_score', 'status']
2026-06-18 00:09:19 - image_gen - INFO - Image Gen prompt 长度: 591 字符
2026-06-18 00:11:20 - image_gen - WARNING - Image Gen 请求失败，1s 后重试(1/3)
2026-06-18 00:13:21 - image_gen - WARNING - Image Gen 请求失败，2s 后重试(2/3)
2026-06-18 00:15:24 - image_gen - WARNING - Image Gen 请求失败，3s 后重试(3/3)
2026-06-18 00:15:28 - api_server - INFO - [/api/report-image] 生成请求 kpi_keys=['health_score', 'status']
2026-06-18 00:15:28 - image_gen - INFO - Image Gen prompt 长度: 591 字符
2026-06-18 00:16:41 - image_gen - WARNING - Image Gen chat_image 失败，尝试 image_gen 兜底
2026-06-18 00:17:02 - image_gen - WARNING - Image Gen chat_image 失败，尝试 image_gen 兜底
2026-06-18 00:17:19 - api_server - INFO - [/api/report-image] 生成请求 kpi_keys=[]
2026-06-18 00:17:19 - image_gen - INFO - Image Gen prompt 长度: 547 字符
2026-06-18 00:17:22 - image_gen - INFO - Image Gen 生成成功（image_gen），1300413 字节
2026-06-18 00:17:22 - api_server - INFO - [/api/report-image] 生成成功 img_bytes=1300413
2026-06-18 00:17:48 - image_gen - INFO - Image Gen 生成成功（image_gen），1190358 字节
2026-06-18 00:17:48 - api_server - INFO - [/api/report-image] 生成成功 img_bytes=1190358
2026-06-18 00:18:08 - image_gen - WARNING - Image Gen chat_image 失败，尝试 image_gen 兜底
2026-06-18 00:18:58 - image_gen - INFO - Image Gen 生成成功（image_gen），1192400 字节
2026-06-18 00:18:58 - api_server - INFO - [/api/report-image] 生成成功 img_bytes=1192400
2026-06-18 00:19:40 - api_server - INFO - [/api/report-image] 生成请求 kpi_keys=['health_score', 'score_delta_vs_last_week', 'status', 'exercise_rate', 'exercise_rate_delta', 'risk']
2026-06-18 00:19:40 - image_gen - INFO - Image Gen prompt 长度: 999 字符
2026-06-18 00:20:03 - api_server - INFO - [/api/report-image] 生成请求 kpi_keys=['health_score', 'status']
2026-06-18 00:20:03 - image_gen - INFO - Image Gen prompt 长度: 560 字符
2026-06-18 00:20:24 - api_server - INFO - [/api/report-image] 生成请求 kpi_keys=['health_score', 'score_delta_vs_last_week', 'status', 'exercise_rate', 'exercise_rate_delta', 'risk']
2026-06-18 00:20:24 - image_gen - INFO - Image Gen prompt 长度: 999 字符
2026-06-18 00:20:56 - image_gen - WARNING - Image Gen chat_image 失败，尝试 image_gen 兜底
2026-06-18 00:21:14 - image_gen - WARNING - Image Gen chat_image 失败，尝试 image_gen 兜底
2026-06-18 00:21:27 - image_gen - WARNING - Image Gen chat_image 失败，尝试 image_gen 兜底
2026-06-18 00:21:34 - api_server - INFO - [/api/report-image] 生成请求 kpi_keys=['health_score', 'status']
2026-06-18 00:21:34 - image_gen - INFO - Image Gen prompt 长度: 597 字符
2026-06-18 00:21:36 - image_gen - INFO - Image Gen 生成成功（image_gen），1135333 字节
2026-06-18 00:21:36 - api_server - INFO - [/api/report-image] 生成成功 img_bytes=1135333
2026-06-18 00:22:06 - image_gen - INFO - Image Gen 生成成功（image_gen），1453803 字节
2026-06-18 00:22:06 - api_server - INFO - [/api/report-image] 生成成功 img_bytes=1453803
2026-06-18 00:22:10 - image_gen - INFO - Image Gen 生成成功（image_gen），1108408 字节
2026-06-18 00:22:10 - api_server - INFO - [/api/report-image] 生成成功 img_bytes=1108408
2026-06-18 00:22:37 - image_gen - WARNING - Image Gen chat_image 失败，尝试 image_gen 兜底
2026-06-18 00:23:17 - image_gen - INFO - Image Gen 生成成功（image_gen），1320436 字节
2026-06-18 00:23:17 - api_server - INFO - [/api/report-image] 生成成功 img_bytes=1320436
2026-06-18 00:23:22 - api_server - INFO - [/api/report-image] 生成请求 kpi_keys=['health_score', 'status', 'exercise_rate', 'risk']
2026-06-18 00:23:22 - image_gen - INFO - Image Gen prompt 长度: 619 字符
2026-06-18 00:24:25 - image_gen - WARNING - Image Gen chat_image 失败，尝试 image_gen 兜底
2026-06-18 00:25:04 - image_gen - INFO - Image Gen 生成成功（image_gen），1135988 字节
2026-06-18 00:25:05 - api_server - INFO - [/api/report-image] 生成成功 img_bytes=1135988
2026-06-18 00:28:31 - api_server - INFO - [/api/report-image] 生成请求 kpi_keys=['health_score', 'score_delta_vs_last_week', 'status', 'exercise_rate', 'exercise_rate_delta', 'risk']
2026-06-18 00:28:31 - image_gen - INFO - Image Gen prompt 长度: 999 字符
2026-06-18 00:29:31 - image_gen - WARNING - Image Gen chat_image 失败，尝试 image_gen 兜底
2026-06-18 00:30:20 - image_gen - INFO - Image Gen 生成成功（image_gen），1280743 字节
2026-06-18 00:30:20 - api_server - INFO - [/api/report-image] 生成成功 img_bytes=1280743
2026-06-18 00:31:19 - api_server - INFO - [/api/report-image] 生成请求 kpi_keys=['health_score', 'score_delta_vs_last_week', 'status', 'exercise_rate', 'exercise_rate_delta', 'risk']
2026-06-18 00:31:19 - image_gen - INFO - Image Gen prompt 长度: 999 字符
2026-06-18 00:33:20 - image_gen - WARNING - Image Gen 请求失败，1s 后重试(1/3)
